<?xml version="1.0" encoding="UTF-8"?>
<!-- Generated by org.testng.reporters.JUnitReportReporter -->
<testsuite skipped="0" hostname="MAC-LAP-113" name="jenkinstest.jenkinsclass" tests="1" failures="0" timestamp="31 Jul 2018 10:30:20 GMT" time="16.168" errors="0">
  <testcase name="zephyrtesting" time="16.168" classname="jenkinstest.jenkinsclass"/>
</testsuite> <!-- jenkinstest.jenkinsclass -->
